<?xml version="1.0" encoding="UTF-8" standalone="yes"?>
<ns2:test-suite start="1472733891767" stop="1472733891814" xmlns:ns2="urn:model.allure.qatools.yandex.ru">
    <name>demo.test.calc.AppTest</name>
    <test-cases>
        <test-case start="1472733891783" stop="1472733891783" status="passed">
            <name>testApp[0]</name>
            <steps/>
            <attachments/>
            <labels>
                <label name="host" value="spb8642"/>
                <label name="thread" value="784@spb8642.main(1)"/>
            </labels>
        </test-case>
        <test-case start="1472733891783" stop="1472733891783" status="passed">
            <name>testApp[1]</name>
            <steps/>
            <attachments/>
            <labels>
                <label name="host" value="spb8642"/>
                <label name="thread" value="784@spb8642.main(1)"/>
            </labels>
        </test-case>
        <test-case start="1472733891783" stop="1472733891783" status="passed">
            <name>testApp[2]</name>
            <steps/>
            <attachments/>
            <labels>
                <label name="host" value="spb8642"/>
                <label name="thread" value="784@spb8642.main(1)"/>
            </labels>
        </test-case>
        <test-case start="1472733891783" stop="1472733891783" status="passed">
            <name>testApp[3]</name>
            <steps/>
            <attachments/>
            <labels>
                <label name="host" value="spb8642"/>
                <label name="thread" value="784@spb8642.main(1)"/>
            </labels>
        </test-case>
        <test-case start="1472733891783" stop="1472733891798" status="failed">
            <name>testApp[4]</name>
            <failure>
                <message>AssertionError: expected:&lt;3960&gt; but was:&lt;1000&gt;</message>
                <stack-trace>java.lang.AssertionError: expected:&lt;3960&gt; but was:&lt;1000&gt;
	at org.junit.Assert.fail(Assert.java:88)
	at org.junit.Assert.failNotEquals(Assert.java:834)
	at org.junit.Assert.assertEquals(Assert.java:118)
	at org.junit.Assert.assertEquals(Assert.java:144)
	at demo.test.calc.AppTest.testApp(AppTest.java:81)
	at sun.reflect.NativeMethodAccessorImpl.invoke0(Native Method)
	at sun.reflect.NativeMethodAccessorImpl.invoke(Unknown Source)
	at sun.reflect.DelegatingMethodAccessorImpl.invoke(Unknown Source)
	at java.lang.reflect.Method.invoke(Unknown Source)
	at org.junit.runners.model.FrameworkMethod$1.runReflectiveCall(FrameworkMethod.java:50)
	at org.junit.internal.runners.model.ReflectiveCallable.run(ReflectiveCallable.java:12)
	at org.junit.runners.model.FrameworkMethod.invokeExplosively(FrameworkMethod.java:47)
	at org.junit.internal.runners.statements.InvokeMethod.evaluate(InvokeMethod.java:17)
	at org.junit.runners.ParentRunner.runLeaf(ParentRunner.java:325)
	at org.junit.runners.BlockJUnit4ClassRunner.runChild(BlockJUnit4ClassRunner.java:78)
	at org.junit.runners.BlockJUnit4ClassRunner.runChild(BlockJUnit4ClassRunner.java:57)
	at org.junit.runners.ParentRunner$3.run(ParentRunner.java:290)
	at org.junit.runners.ParentRunner$1.schedule(ParentRunner.java:71)
	at org.junit.runners.ParentRunner.runChildren(ParentRunner.java:288)
	at org.junit.runners.ParentRunner.access$000(ParentRunner.java:58)
	at org.junit.runners.ParentRunner$2.evaluate(ParentRunner.java:268)
	at org.junit.runners.ParentRunner.run(ParentRunner.java:363)
	at org.junit.runners.Suite.runChild(Suite.java:128)
	at org.junit.runners.Suite.runChild(Suite.java:27)
	at org.junit.runners.ParentRunner$3.run(ParentRunner.java:290)
	at org.junit.runners.ParentRunner$1.schedule(ParentRunner.java:71)
	at org.junit.runners.ParentRunner.runChildren(ParentRunner.java:288)
	at org.junit.runners.ParentRunner.access$000(ParentRunner.java:58)
	at org.junit.runners.ParentRunner$2.evaluate(ParentRunner.java:268)
	at org.junit.runners.ParentRunner.run(ParentRunner.java:363)
	at org.apache.maven.surefire.junit4.JUnit4Provider.execute(JUnit4Provider.java:367)
	at org.apache.maven.surefire.junit4.JUnit4Provider.executeWithRerun(JUnit4Provider.java:274)
	at org.apache.maven.surefire.junit4.JUnit4Provider.executeTestSet(JUnit4Provider.java:238)
	at org.apache.maven.surefire.junit4.JUnit4Provider.invoke(JUnit4Provider.java:161)
	at org.apache.maven.surefire.booter.ForkedBooter.invokeProviderInSameClassLoader(ForkedBooter.java:290)
	at org.apache.maven.surefire.booter.ForkedBooter.runSuitesInProcess(ForkedBooter.java:242)
	at org.apache.maven.surefire.booter.ForkedBooter.main(ForkedBooter.java:121)
</stack-trace>
            </failure>
            <steps/>
            <attachments/>
            <labels>
                <label name="host" value="spb8642"/>
                <label name="thread" value="784@spb8642.main(1)"/>
            </labels>
        </test-case>
        <test-case start="1472733891798" stop="1472733891798" status="passed">
            <name>testApp[5]</name>
            <steps/>
            <attachments/>
            <labels>
                <label name="host" value="spb8642"/>
                <label name="thread" value="784@spb8642.main(1)"/>
            </labels>
        </test-case>
        <test-case start="1472733891798" stop="1472733891798" status="passed">
            <name>testApp[6]</name>
            <steps/>
            <attachments/>
            <labels>
                <label name="host" value="spb8642"/>
                <label name="thread" value="784@spb8642.main(1)"/>
            </labels>
        </test-case>
        <test-case start="1472733891798" stop="1472733891798" status="passed">
            <name>testApp[7]</name>
            <steps/>
            <attachments/>
            <labels>
                <label name="host" value="spb8642"/>
                <label name="thread" value="784@spb8642.main(1)"/>
            </labels>
        </test-case>
        <test-case start="1472733891798" stop="1472733891798" status="passed">
            <name>testApp[8]</name>
            <steps/>
            <attachments/>
            <labels>
                <label name="host" value="spb8642"/>
                <label name="thread" value="784@spb8642.main(1)"/>
            </labels>
        </test-case>
        <test-case start="1472733891798" stop="1472733891798" status="passed">
            <name>testApp[9]</name>
            <steps/>
            <attachments/>
            <labels>
                <label name="host" value="spb8642"/>
                <label name="thread" value="784@spb8642.main(1)"/>
            </labels>
        </test-case>
    </test-cases>
    <labels>
        <label name="framework" value="JUnit"/>
        <label name="language" value="JAVA"/>
    </labels>
</ns2:test-suite>
