<?xml version="1.0" encoding="UTF-8"?>
<testsuite xmlns:xsi="http://www.w3.org/2001/XMLSchema-instance" xsi:schemaLocation="https://maven.apache.org/surefire/maven-surefire-plugin/xsd/surefire-test-report.xsd" name="demo.test.calc.AppTest" time="0.296" tests="10" errors="0" skipped="0" failures="1">
  <properties>
[...]
</properties>
  <testcase name="testApp[0]" classname="demo.test.calc.AppTest" time="0.156"/>
  <testcase name="testApp[1]" classname="demo.test.calc.AppTest" time="0"/>
  <testcase name="testApp[2]" classname="demo.test.calc.AppTest" time="0"/>
  <testcase name="testApp[3]" classname="demo.test.calc.AppTest" time="0"/>
  <testcase name="testApp[4]" classname="demo.test.calc.AppTest" time="0.015">
    <failure message="expected:&lt;3960&gt; but was:&lt;1000&gt;" type="java.lang.AssertionError"><![CDATA[java.lang.AssertionError: expected:<3960> but was:<1000>
	at demo.test.calc.AppTest.testApp(AppTest.java:81)
]]></failure>
  </testcase>
  <testcase name="testApp[5]" classname="demo.test.calc.AppTest" time="0"/>
  <testcase name="testApp[6]" classname="demo.test.calc.AppTest" time="0"/>
  <testcase name="testApp[7]" classname="demo.test.calc.AppTest" time="0"/>
  <testcase name="testApp[8]" classname="demo.test.calc.AppTest" time="0"/>
  <testcase name="testApp[9]" classname="demo.test.calc.AppTest" time="0"/>
</testsuite>